{
  "0 debug pnpm:scope": {
    "selected": 1
  },
  "1 error pnpm": {
    "code": "ELIFECYCLE",
    "errno": "ENOENT",
    "syscall": "spawn",
    "file": "sh",
    "pkgid": "ldy@1.0.0",
    "stage": "docs:dev",
    "script": "vuepress dev docs",
    "pkgname": "ldy",
    "err": {
      "name": "pnpm",
      "message": "ldy@1.0.0 docs:dev: `vuepress dev docs`\nspawn ENOENT",
      "code": "ELIFECYCLE",
      "stack": "pnpm: ldy@1.0.0 docs:dev: `vuepress dev docs`\nspawn ENOENT\n    at ChildProcess.<anonymous> (/Users/wxh/Library/pnpm/global/5/.pnpm/pnpm@7.4.1/node_modules/pnpm/dist/pnpm.cjs:95159:22)\n    at ChildProcess.emit (node:events:527:28)\n    at maybeClose (node:internal/child_process:1092:16)\n    at Process.ChildProcess._handle.onexit (node:internal/child_process:302:5)"
    }
  },
  "2 warn pnpm:global": " Local package.json exists, but node_modules missing, did you mean to install?"
}